<?xml version="1.0" encoding="UTF-8"?>
<!-- Generated by org.testng.reporters.JUnitReportReporter -->
<testsuite hostname="LAPTOP-1Q6058GU" failures="0" tests="1" name="VTigerWithFramework.CreateOppotunities" time="20.408" errors="0" timestamp="2024-04-02T17:44:36 IST" skipped="0">
  <testcase classname="VTigerWithFramework.CreateOppotunities" name="CreateOpportunities" time="20.408"/>
  <system-out>
    <![CDATA[TestScript execution is started]]>
  </system-out>
</testsuite> <!-- VTigerWithFramework.CreateOppotunities -->
