<?xml version="1.0" encoding="UTF-8"?>
<!-- Generated by org.testng.reporters.JUnitReportReporter -->
<testsuite hostname="LAPTOP-1Q6058GU" failures="0" tests="1" name="VTigerWithUsingPOM.CreateOpprtunities" time="10.444" errors="0" timestamp="2024-04-02T17:59:31 IST" skipped="0">
  <testcase classname="VTigerWithUsingPOM.CreateOpprtunities" name="CreateOpprtunities01" time="10.444"/>
  <system-out>
    <![CDATA[TestScript execution is started]]>
  </system-out>
</testsuite> <!-- VTigerWithUsingPOM.CreateOpprtunities -->
