<?xml version="1.0" encoding="UTF-8"?>
<!-- Generated by org.testng.reporters.JUnitReportReporter -->
<testsuite hostname="LAPTOP-1Q6058GU" failures="0" tests="1" name="VTigerWithFramework.EditOrganization" time="19.566" errors="0" timestamp="2024-02-09T11:17:52 IST" skipped="0">
  <testcase classname="VTigerWithFramework.EditOrganization" name="editOrganization" time="19.566"/>
  <system-out>
    <![CDATA[TestScript execution is started]]>
  </system-out>
</testsuite> <!-- VTigerWithFramework.EditOrganization -->
