<?xml version="1.0" encoding="UTF-8"?>
<!-- Generated by org.testng.reporters.JUnitReportReporter -->
<testsuite hostname="LAPTOP-1Q6058GU" failures="0" tests="1" name="VTigerWithFramework.EditLead" time="13.041" errors="0" timestamp="2024-02-10T16:14:08 IST" skipped="0">
  <testcase classname="VTigerWithFramework.EditLead" name="editLead" time="13.041"/>
  <system-out>
    <![CDATA[TestScript execution is started]]>
  </system-out>
</testsuite> <!-- VTigerWithFramework.EditLead -->
