<?xml version="1.0" encoding="UTF-8"?>
<!-- Generated by org.testng.reporters.JUnitReportReporter -->
<testsuite hostname="LAPTOP-1Q6058GU" failures="0" tests="1" name="VTigerWithFramework.CreateOrganization" time="14.840" errors="0" timestamp="2024-02-09T11:16:50 IST" skipped="0">
  <testcase classname="VTigerWithFramework.CreateOrganization" name="createOrganization" time="14.840"/>
  <system-out>
    <![CDATA[TestScript execution is started]]>
  </system-out>
</testsuite> <!-- VTigerWithFramework.CreateOrganization -->
