<?xml version="1.0" encoding="UTF-8"?>
<!-- Generated by org.testng.reporters.JUnitReportReporter -->
<testsuite hostname="LAPTOP-1Q6058GU" failures="0" tests="1" name="VTigerWithFramework.DeleteContact" time="7.664" errors="0" timestamp="2024-02-10T16:47:25 IST" skipped="0">
  <testcase classname="VTigerWithFramework.DeleteContact" name="deleteContact" time="7.664"/>
  <system-out>
    <![CDATA[TestScript execution is started]]>
  </system-out>
</testsuite> <!-- VTigerWithFramework.DeleteContact -->
