<?xml version="1.0" encoding="UTF-8"?>
<!-- Generated by org.testng.reporters.JUnitReportReporter -->
<testsuite hostname="LAPTOP-1Q6058GU" failures="0" tests="1" name="VTigerWithFramework.DeleteLead" time="7.694" errors="0" timestamp="2024-02-10T16:52:34 IST" skipped="0">
  <testcase classname="VTigerWithFramework.DeleteLead" name="deleteLead" time="7.694"/>
  <system-out>
    <![CDATA[TestScript execution is started]]>
  </system-out>
</testsuite> <!-- VTigerWithFramework.DeleteLead -->
