<?xml version="1.0" encoding="UTF-8"?>
<!-- Generated by org.testng.reporters.JUnitReportReporter -->
<testsuite hostname="LAPTOP-1Q6058GU" failures="0" tests="1" name="VTigerWithFramework.EditContact" time="20.313" errors="0" timestamp="2024-02-09T12:30:18 IST" skipped="0">
  <testcase classname="VTigerWithFramework.EditContact" name="editContact" time="20.313"/>
  <system-out>
    <![CDATA[TestScript execution is started]]>
  </system-out>
</testsuite> <!-- VTigerWithFramework.EditContact -->
