<?xml version="1.0" encoding="UTF-8"?>
<!-- Generated by org.testng.reporters.JUnitReportReporter -->
<testsuite hostname="LAPTOP-1Q6058GU" failures="0" tests="1" name="VTigerWithFramework.CreateContact" time="23.035" errors="0" timestamp="2024-04-02T17:38:02 IST" skipped="0">
  <testcase classname="VTigerWithFramework.CreateContact" name="CreateContact01" time="23.035"/>
  <system-out>
    <![CDATA[TestScript execution is started]]>
  </system-out>
</testsuite> <!-- VTigerWithFramework.CreateContact -->
